<?xml version="1.0" encoding="UTF-8"?>
<!-- Generated by org.testng.reporters.JUnitReportReporter -->
<testsuite hostname="DESKTOP-HU2T28P" failures="0" tests="1" name="frameSwitch.FramePractice" time="13.821" errors="0" timestamp="03 May 2020 22:25:32 GMT" skipped="0">
  <testcase classname="frameSwitch.FramePractice" name="mainTest" time="13.821"/>
</testsuite> <!-- frameSwitch.FramePractice -->
